<?xml version="1.0" encoding="UTF-8"?>
<testsuite name="HeroTest" tests="5" skipped="0" failures="0" errors="0" timestamp="2019-02-01T09:19:37" hostname="licio-HP-Pavilion-x360-m3-Convertible" time="0.005">
  <properties/>
  <testcase name="Hero_instantiatesWithAge_Int" classname="HeroTest" time="0.001"/>
  <testcase name="Hero_instantiatesWithPower_String" classname="HeroTest" time="0.001"/>
  <testcase name="Hero_instantiatesWithWeakness_String" classname="HeroTest" time="0.0"/>
  <testcase name="Hero_instantiatesCorrectly_true" classname="HeroTest" time="0.0"/>
  <testcase name="Hero_instantiatesWithName_String" classname="HeroTest" time="0.001"/>
  <system-out><![CDATA[]]></system-out>
  <system-err><![CDATA[]]></system-err>
</testsuite>
